<?xml version="1.0" encoding="UTF-8"?>
<!-- Generated by org.testng.reporters.JUnitXMLReporter -->
<testsuite hostname="Fighter-PC" ignored="2" name="Test" tests="3" failures="0" timestamp="19 Nov 2019 12:45:58 GMT" time="38.372" errors="0">
  <testcase name="testlogin1" time="1.531" classname="test.XmlTest"/>
  <testcase name="testlogin3" time="0.857" classname="test.XmlTest"/>
  <testcase name="testlogin4" time="0.762" classname="test.XmlTest"/>
  <testcase name="testlogin5" time="0.0" classname="test.XmlTest">
    <ignored/>
  </testcase> <!-- testlogin5 -->
  <testcase name="testlogin2" time="0.0" classname="test.XmlTest">
    <ignored/>
  </testcase> <!-- testlogin2 -->
</testsuite> <!-- Test -->
